<?xml version="1.0" encoding="utf-8"?><testsuites name="pytest tests"><testsuite name="pytest" errors="0" failures="0" skipped="0" tests="11" time="2.846" timestamp="2026-05-18T17:29:40.418239+00:00" hostname="agent-env-c489f155-befc-42bc-94ce-a4ce7c57379a"><testcase classname="backend.tests.test_pharmacy_api.TestItems" name="test_list_seeded_items" time="0.349" /><testcase classname="backend.tests.test_pharmacy_api.TestItems" name="test_search_filter" time="0.177" /><testcase classname="backend.tests.test_pharmacy_api.TestItems" name="test_get_by_barcode_found" time="0.093" /><testcase classname="backend.tests.test_pharmacy_api.TestItems" name="test_get_by_barcode_404" time="0.090" /><testcase classname="backend.tests.test_pharmacy_api.TestItems" name="test_create_item_with_barcode" time="0.180" /><testcase classname="backend.tests.test_pharmacy_api.TestItems" name="test_create_item_without_barcode" time="0.098" /><testcase classname="backend.tests.test_pharmacy_api.TestItems" name="test_create_duplicate_barcode" time="0.199" /><testcase classname="backend.tests.test_pharmacy_api.TestItems" name="test_update_item" time="0.188" /><testcase classname="backend.tests.test_pharmacy_api.TestItems" name="test_delete_item" time="0.180" /><testcase classname="backend.tests.test_pharmacy_api.TestCheckout" name="test_checkout_decrements_stock" time="0.396" /><testcase classname="backend.tests.test_pharmacy_api.TestCheckout" name="test_checkout_insufficient_stock" time="0.549" /></testsuite></testsuites>